[0419/174356.640:ERROR:audio_rtp_receiver.cc(89)] AudioRtpReceiver::OnSetVolume: No audio channel exists.
[0419/174356.641:WARNING:used_ids.h(55)] Duplicate id found. Reassigning from 104 to 127
[0419/174356.641:WARNING:used_ids.h(55)] Duplicate id found. Reassigning from 103 to 125
[0419/174356.641:WARNING:used_ids.h(55)] Duplicate id found. Reassigning from 1 to 14
[0419/174356.641:WARNING:used_ids.h(55)] Duplicate id found. Reassigning from 3 to 13
[0419/174356.642:WARNING:used_ids.h(55)] Duplicate id found. Reassigning from 5 to 12
[0419/174356.642:WARNING:used_ids.h(55)] Duplicate id found. Reassigning from 6 to 11
[0419/174418.671:ERROR:batching_media_log.cc(38)] MediaEvent: {"error":"FFmpegDemuxer: no supported streams"}
[0419/174418.673:ERROR:batching_media_log.cc(35)] MediaEvent: {"pipeline_error":14}
[0419/174418.758:ERROR:batching_media_log.cc(38)] MediaEvent: {"error":"FFmpegDemuxer: no supported streams"}
[0419/174418.758:ERROR:batching_media_log.cc(35)] MediaEvent: {"pipeline_error":14}
[0420/101012.602:ERROR:os_crypt_win.cc(92)] Failed to decrypt: Clave no válida para utilizar en el estado especificado. (0x8009000B)
[0420/101015.561:WARNING:value_store_frontend.cc(44)] Reading mhjfbmdgcfjbbpaeojofohoefgiehjai.alarms from  failed: IO error: .../MANIFEST-000001: Unable to create sequential file (ChromeMethodBFE: 7::NewSequentialFile::1)
[0420/190422.076:ERROR:backend_impl.cc(1041)] Critical error found -8
[0420/190422.076:ERROR:entry_impl.cc(1076)] No file for c1030004
[0420/190422.076:WARNING:storage_block-inl.h(146)] Failed data load.
[0420/190422.076:WARNING:storage_block-inl.h(146)] Failed data load.
[0420/190422.076:WARNING:storage_block-inl.h(146)] Failed data load.
[0420/190422.076:WARNING:storage_block-inl.h(146)] Failed data load.
[0420/190422.076:ERROR:entry_impl.cc(1076)] No file for c1030000
[0420/190422.076:WARNING:storage_block-inl.h(146)] Failed data load.
[0420/190422.076:WARNING:storage_block-inl.h(146)] Failed data load.
[0420/190422.076:WARNING:storage_block-inl.h(146)] Failed data load.
[0420/190422.076:WARNING:storage_block-inl.h(146)] Failed data load.
[0420/190422.076:ERROR:entry_impl.cc(1076)] No file for c1030008
[0420/190422.076:WARNING:storage_block-inl.h(146)] Failed data load.
[0420/190422.076:WARNING:storage_block-inl.h(146)] Failed data load.
[0420/190422.076:WARNING:storage_block-inl.h(146)] Failed data load.
[0420/190424.396:WARNING:value_store_frontend.cc(44)] Reading mhjfbmdgcfjbbpaeojofohoefgiehjai.alarms from  failed: IO error: .../MANIFEST-000001: Unable to create sequential file (ChromeMethodBFE: 7::NewSequentialFile::1)
[0420/212248.533:WARNING:value_store_frontend.cc(44)] Reading mhjfbmdgcfjbbpaeojofohoefgiehjai.alarms from  failed: IO error: .../MANIFEST-000001: Unable to create sequential file (ChromeMethodBFE: 7::NewSequentialFile::1)
