  Using bundled DotNet SDK
  Log file: C:\Users\28dav\AppData\Local\UnrealBuildTool\Log.txt
  Using 'git status' to determine working set for adaptive non-unity build (C:\Users\28dav\Documents\Unreal Projects\VirusP).
  Invalidating makefile for VirusPEditor (working set of source files changed)
  Parsing headers for VirusPEditor
    Running UnrealHeaderTool "C:\Users\28dav\Documents\Unreal Projects\VirusP\VirusP\VirusP.uproject" "C:\Users\28dav\Documents\Unreal Projects\VirusP\VirusP\Intermediate\Build\Win64\VirusPEditor\Development\VirusPEditor.uhtmanifest" -LogCmds="loginit warning, logexit warning, logdatabase error" -Unattended -WarningsAsErrors -abslog="C:\Users\28dav\AppData\Local\UnrealBuildTool\Log_UHT.txt" -installed
  Reflection code generated for VirusPEditor in 1,132856 seconds
  Building VirusPEditor...
  Using Visual Studio 2019 14.29.30147 toolchain (C:\Program Files (x86)\Microsoft Visual Studio\2019\BuildTools\VC\Tools\MSVC\14.29.30133) and Windows 10.0.22000.0 SDK (C:\Program Files (x86)\Windows Kits\10).
  [Adaptive Build] Excluded from VirusP unity file: HealthComponent.cpp, StaminaComponent.cpp
  Determining max actions to execute in parallel (8 physical cores, 16 logical cores)
    Executing up to 8 processes, one per physical core
  Building 15 actions with 8 processes...
  [1/15] Resource Default.rc2
  [2/15] Compile SharedPCH.Engine.ShadowErrors.cpp
  [3/15] Compile VirusP.init.gen.cpp
  [4/15] Compile HealthComponent.cpp
  [5/15] Compile StaminaComponent.cpp
  [6/15] Compile VirusPGameMode.gen.cpp
  [7/15] Compile HealthComponent.gen.cpp
  [8/15] Compile VirusPCharacter.gen.cpp
  [9/15] Compile VirusPGameMode.cpp
  [10/15] Compile VirusP.cpp
  [11/15] Compile StaminaComponent.gen.cpp
  [12/15] Compile VirusPCharacter.cpp
  [13/15] Link UnrealEditor-VirusP.lib
     Creando biblioteca C:\Users\28dav\Documents\Unreal Projects\VirusP\VirusP\Intermediate\Build\Win64\UnrealEditor\Development\VirusP\UnrealEditor-VirusP.lib y objeto C:\Users\28dav\Documents\Unreal Projects\VirusP\VirusP\Intermediate\Build\Win64\UnrealEditor\Development\VirusP\UnrealEditor-VirusP.exp
  [14/15] Link UnrealEditor-VirusP.dll
     Creando biblioteca C:\Users\28dav\Documents\Unreal Projects\VirusP\VirusP\Intermediate\Build\Win64\UnrealEditor\Development\VirusP\UnrealEditor-VirusP.suppressed.lib y objeto C:\Users\28dav\Documents\Unreal Projects\VirusP\VirusP\Intermediate\Build\Win64\UnrealEditor\Development\VirusP\UnrealEditor-VirusP.suppressed.exp
  [15/15] WriteMetadata VirusPEditor.target
  Total time in Parallel executor: 30,06 seconds
  Total execution time: 32,85 seconds
